 Parameter: PATH <- "/HOME/CHENY/MUTABIND2/MEXAMPLEOUT"
 Parameter: PROTNAME <- "MUTABINDM_M1"
 Parameter: I <- "1"
 Parameter: PATHPARA <- "/HOME/CHENY/MUTABIND2/MINPUTFILES"
1
                 Chemistry at HARvard Macromolecular Mechanics
                (CHARMM) - Free Version 41b2   February 15, 2017                
                                Revision unknown                                
       Copyright(c) 1984-2014  President and Fellows of Harvard College
                              All Rights Reserved
     Current operating system: Linux-3.10.0-693.11.6.el7.x86_64(x86_64)@loc     
                 Created on  7/22/20 at  9:08:36 by user: cheny       

            Maximum number of ATOMS:    360720, and RESidues:      120240
 RDTITL>  
 RDTITL> No title read.

      ***** LEVEL  1 WARNING FROM <RDTITL> *****
      ***** Title expected.
      ******************************************
      BOMLEV (  0) IS NOT REACHED. WRNLEV IS  5

  
 CHARMM>     
  
 CHARMM>    set pathpara @pathpara
 Parameter: PATHPARA -> "/HOME/CHENY/MUTABIND2/MINPUTFILES"
 Parameter: PATHPARA <- "/HOME/CHENY/MUTABIND2/MINPUTFILES"
  
 CHARMM>     
  
 CHARMM>    ! Read in Topology and  Parameter files
 CHARMM>    read rtf card name @pathpara/top_all36_prot.rtf
 Parameter: PATHPARA -> "/HOME/CHENY/MUTABIND2/MINPUTFILES"
 VOPEN> Attempting to open::/home/cheny/mutabind2/minputfiles/top_all36_prot.rtf::
 MAINIO> Residue topology file being read from unit  90.
 TITLE> *>>>>>>>>CHARMM36 ALL-HYDROGEN TOPOLOGY FILE FOR PROTEINS <<<<<<
 TITLE> *>>>>> INCLUDES PHI, PSI CROSS TERM MAP (CMAP) CORRECTION <<<<<<<
 TITLE> *>>>>>>>>>>>>>>>>>>>>>>>>>> MAY 2011 <<<<<<<<<<<<<<<<<<<<<<<<<<<<
 TITLE> * ALL COMMENTS TO THE CHARMM WEB SITE: WWW.CHARMM.ORG
 TITLE> *             PARAMETER SET DISCUSSION FORUM
 TITLE> *
 VCLOSE: Closing unit   90 with status "KEEP"
  
 CHARMM>    read param card name @pathpara/par_all36_prot.prm
 Parameter: PATHPARA -> "/HOME/CHENY/MUTABIND2/MINPUTFILES"
 VOPEN> Attempting to open::/home/cheny/mutabind2/minputfiles/par_all36_prot.prm::

          PARAMETER FILE BEING READ FROM UNIT 90
 TITLE> *>>>> CHARMM36 ALL-HYDROGEN PARAMETER FILE FOR PROTEINS <<<<<<<<<<
 TITLE> *>>>>> INCLUDES PHI, PSI CROSS TERM MAP (CMAP) CORRECTION <<<<<<<<
 TITLE> *>>>>>>>>>>>>>>>>>>>>>>>>>> FEB. 2012 <<<<<<<<<<<<<<<<<<<<<<<<<<<<
 TITLE> * ALL COMMENTS TO THE CHARMM WEB SITE: WWW.CHARMM.ORG
 TITLE> *             PARAMETER SET DISCUSSION FORUM
 TITLE> *
 PARRDR> WARNING: ATOM FOR NBOND ON2B DOESNT EXIST
 PARMIO> NONBOND, HBOND lists and IMAGE atoms cleared.
 VCLOSE: Closing unit   90 with status "KEEP"
  
 CHARMM>     
  
 CHARMM>     
  
 CHARMM>    ! Read sequence from the PDB coordinate file
 CHARMM>    open unit 1 card read name @path/@protname_ch@I.pdb
 Parameter: PATH -> "/HOME/CHENY/MUTABIND2/MEXAMPLEOUT"
 Parameter: PROTNAME -> "MUTABINDM_M1"
 Parameter: I -> "1"
 VOPEN> Attempting to open::/home/cheny/mutabind2/mexampleout/mutabindm_m1_ch1.pdb::
 OPNLGU> Unit  1 opened for READONLY access to /home/cheny/mutabind2/mexampleout/mutabindm_m1_ch1.pdb
  
 CHARMM>    read sequ pdb unit 1
 MAINIO> Sequence information being read from unit   1.
 TITLE>  *

          RESIDUE SEQUENCE --   274 RESIDUES
          ALA GLN THR VAL PRO TYR GLY ILE PRO LEU ILE LYS ALA ASP LYS VAL GLN ALA GLN GLY 
          PHE LYS GLY ALA ASN VAL LYS VAL ALA VAL LEU ASP THR GLY ILE GLN ALA SER HSD PRO 
          ASP LEU ASN VAL VAL GLY GLY ALA SER PHE VAL ALA GLY ALA ALA TYR ASN THR ASP GLY 
          ASN GLY HSD GLY THR HSD VAL ALA GLY THR VAL ALA ALA LEU ASP ASN THR THR GLY VAL 
          LEU GLY VAL ALA PRO SER VAL SER LEU TYR ALA VAL LYS VAL LEU ASN SER SER GLY SER 
          GLY SER TYR SER GLY ILE VAL SER GLY ILE GLU TRP ALA THR THR ASN GLY MET ASP VAL 
          ILE ASN MET SER LEU GLY GLY ALA SER GLY SER THR ALA MET LYS GLN ALA VAL ASP ASN 
          ALA TYR ALA ARG GLY VAL VAL VAL VAL ALA ALA ALA GLY ASN SER GLY ASN SER GLY SER 
          THR ASN THR ILE GLY TYR PRO ALA LYS TYR ASP SER VAL ILE ALA VAL GLY ALA VAL ASP 
          SER ASN SER ASN ARG ALA SER PHE SER SER VAL GLY ALA GLU LEU GLU VAL MET ALA PRO 
          GLY ALA GLY VAL TYR SER THR TYR PRO THR ASN THR TYR ALA THR LEU ASN GLY THR SER 
          MET ALA SER PRO HSD VAL ALA GLY ALA ALA ALA LEU ILE LEU SER LYS HSD PRO ASN LEU 
          SER ALA SER GLN VAL ARG ASN ARG LEU SER SER THR ALA THR TYR LEU GLY SER SER PHE 
          TYR TYR GLY LYS GLY LEU ILE ASN VAL GLU ALA ALA ALA GLN 
 ***** Message from SEQRDR ***** THE SYSTEM CONTAINS 40 TITRATABLE GROUPS
 THE USER MUST PREDETERMINE THE PROTONATION STATE THROUGH THE SEQUENCE AND RTF
 HIS -  0  HSD -  5  HSE -  0  HSP -  0  ASP -  9  GLU -  4  LYS -  9  TYR - 13
  
 CHARMM>     
  
 CHARMM>    ! now generate the PSF and also the IC table (SETU keyword)
 CHARMM>    generate setu ch@I
 Parameter: I -> "1"
 THE PATCH 'NTER' WILL BE USED FOR THE FIRST RESIDUE
 THE PATCH 'CTER' WILL BE USED FOR THE LAST  RESIDUE
 GENPSF> Segment   1 has been generated. Its identifier is CH1.
 PSFSUM> PSF modified: NONBOND lists and IMAGE atoms cleared.
 PSFSUM> Summary of the structure file counters :
         Number of segments      =        1   Number of residues   =      274
         Number of atoms         =     3796   Number of groups     =     1166
         Number of bonds         =     3828   Number of angles     =     6887
         Number of dihedrals     =    10006   Number of impropers  =      706
         Number of cross-terms   =      272
         Number of HB acceptors  =      396   Number of HB donors  =      436
         Number of NB exclusions =        0   Total charge =    0.00000
  
 CHARMM>    rewind unit 1
                    REWINDING UNIT     1
  
 CHARMM>     
  
 CHARMM>    ! set bomlev to -1 to avois sying on lack of hydrogen coordinates
 CHARMM>    bomlev -1
  
 CHARMM>     
  
 CHARMM>    ! read coor pdb resid unit 1  ! donot work for missing coordinates
 CHARMM>    read coor pdb unit 1
  read CHARMM-pdb format
          SPATIAL COORDINATES BEING READ FROM UNIT  1
 TITLE>  *
  
 CHARMM>     
  
 CHARMM>    ! them put bomlev back up to 0
 CHARMM>    bomlev 0
  
 CHARMM>     
  
 CHARMM>    close unit 1
 VCLOSE: Closing unit    1 with status "KEEP"
  
 CHARMM>     
  
 CHARMM>    ! prints out number of atoms that still have undefined coordinates.
 CHARMM>    define test select segid ch@I .and. ( .not. hydrogen ) .and. ( .not. init ) show end
 Parameter: I -> "1"
 The following atoms are currently set:
SEGId RESId RESName  .. TYPEs ..
 SELRPN>      0 atoms have been selected out of   3796
  
 CHARMM>     
  
 CHARMM>    ic para
  
 CHARMM>    ic fill preserve
  
 CHARMM>    ic build
  
 CHARMM>    hbuild sele all end
 SELRPN>   3796 atoms have been selected out of   3796

      ***** LEVEL  4 WARNING FROM <GTHBUI> *****
      ***** Zero selection specified
      ******************************************
      BOMLEV (  0) IS NOT REACHED. WRNLEV IS  5

  
 CHARMM>     
  
 CHARMM>    ! write out the protein structure file (psf) and
 CHARMM>    ! the coordinate file in pdb and crd format.
 CHARMM>     
  
 CHARMM>    write psf card name @path/@protname_ch@I.psf
 Parameter: PATH -> "/HOME/CHENY/MUTABIND2/MEXAMPLEOUT"
 Parameter: PROTNAME -> "MUTABINDM_M1"
 Parameter: I -> "1"
 VOPEN> Attempting to open::/home/cheny/mutabind2/mexampleout/mutabindm_m1_ch1.psf::
 RDTITL> * PSF
 RDTITL> *
 VCLOSE: Closing unit   90 with status "KEEP"
  
 CHARMM>     
  
 CHARMM>    write coor card name @path/@protname_ch@I.crd
 Parameter: PATH -> "/HOME/CHENY/MUTABIND2/MEXAMPLEOUT"
 Parameter: PROTNAME -> "MUTABINDM_M1"
 Parameter: I -> "1"
 VOPEN> Attempting to open::/home/cheny/mutabind2/mexampleout/mutabindm_m1_ch1.crd::
 RDTITL> * COORDS
 RDTITL> *
 VCLOSE: Closing unit   90 with status "KEEP"
 VCLOSE: Closing unit   90 with status "KEEP"
  
 CHARMM>     
  
 CHARMM>    stop
$$$$$$  New timer profile $$$$$
 Total time                      0.24 Other:            0.00

                    NORMAL TERMINATION BY NORMAL STOP
                    MOST SEVERE WARNING WAS AT LEVEL  4

                    $$$$$ JOB ACCOUNTING INFORMATION $$$$$
                     ELAPSED TIME:     0.24  SECONDS 
                         CPU TIME:     0.24  SECONDS 
