 Parameter: PATH <- "/HOME/CHENY/MUTABIND2/MEXAMPLEOUT"
 Parameter: PROTNAME <- "MUTABINDM"
 Parameter: PATHPARA <- "/HOME/CHENY/MUTABIND2/MINPUTFILES"
1
                 Chemistry at HARvard Macromolecular Mechanics
                (CHARMM) - Free Version 41b2   February 15, 2017                
                                Revision unknown                                
       Copyright(c) 1984-2014  President and Fellows of Harvard College
                              All Rights Reserved
     Current operating system: Linux-3.10.0-693.11.6.el7.x86_64(x86_64)@loc     
                 Created on  7/22/20 at  9:07:48 by user: cheny       

            Maximum number of ATOMS:    360720, and RESidues:      120240
 RDTITL> * PRODUCE NAMD PSF AND PDB FILES FROM CHARMM PSF AND CRD
 RDTITL> *
  
 CHARMM>    bomlev -2
  
 CHARMM>     
  
 CHARMM>    set pathpara @pathpara
 Parameter: PATHPARA -> "/HOME/CHENY/MUTABIND2/MINPUTFILES"
 Parameter: PATHPARA <- "/HOME/CHENY/MUTABIND2/MINPUTFILES"
  
 CHARMM>     
  
 CHARMM>    ! Read in Topology and  Parameter files
 CHARMM>    read rtf card name @pathpara/top_all36_prot.rtf
 Parameter: PATHPARA -> "/HOME/CHENY/MUTABIND2/MINPUTFILES"
 VOPEN> Attempting to open::/home/cheny/mutabind2/minputfiles/top_all36_prot.rtf::
 MAINIO> Residue topology file being read from unit  90.
 TITLE> *>>>>>>>>CHARMM36 ALL-HYDROGEN TOPOLOGY FILE FOR PROTEINS <<<<<<
 TITLE> *>>>>> INCLUDES PHI, PSI CROSS TERM MAP (CMAP) CORRECTION <<<<<<<
 TITLE> *>>>>>>>>>>>>>>>>>>>>>>>>>> MAY 2011 <<<<<<<<<<<<<<<<<<<<<<<<<<<<
 TITLE> * ALL COMMENTS TO THE CHARMM WEB SITE: WWW.CHARMM.ORG
 TITLE> *             PARAMETER SET DISCUSSION FORUM
 TITLE> *
 VCLOSE: Closing unit   90 with status "KEEP"
  
 CHARMM>    read param card name @pathpara/par_all36_prot.prm
 Parameter: PATHPARA -> "/HOME/CHENY/MUTABIND2/MINPUTFILES"
 VOPEN> Attempting to open::/home/cheny/mutabind2/minputfiles/par_all36_prot.prm::

          PARAMETER FILE BEING READ FROM UNIT 90
 TITLE> *>>>> CHARMM36 ALL-HYDROGEN PARAMETER FILE FOR PROTEINS <<<<<<<<<<
 TITLE> *>>>>> INCLUDES PHI, PSI CROSS TERM MAP (CMAP) CORRECTION <<<<<<<<
 TITLE> *>>>>>>>>>>>>>>>>>>>>>>>>>> FEB. 2012 <<<<<<<<<<<<<<<<<<<<<<<<<<<<
 TITLE> * ALL COMMENTS TO THE CHARMM WEB SITE: WWW.CHARMM.ORG
 TITLE> *             PARAMETER SET DISCUSSION FORUM
 TITLE> *
 PARRDR> WARNING: ATOM FOR NBOND ON2B DOESNT EXIST
 PARMIO> NONBOND, HBOND lists and IMAGE atoms cleared.
 VCLOSE: Closing unit   90 with status "KEEP"
  
 CHARMM>     
  
 CHARMM>    ! Read Psf and Crd files of charmm
 CHARMM>     
  
 CHARMM>    OPEN UNIT 1 FORM READ NAME @path/@protname_charmm.psf
 Parameter: PATH -> "/HOME/CHENY/MUTABIND2/MEXAMPLEOUT"
 Parameter: PROTNAME -> "MUTABINDM"
 VOPEN> Attempting to open::/home/cheny/mutabind2/mexampleout/mutabindm_charmm.psf::
 OPNLGU> Unit  1 opened for READONLY access to /home/cheny/mutabind2/mexampleout/mutabindm_charmm.psf
  
 CHARMM>    READ PSF CARD UNIT 1
 MAINIO> Protein structure file being read from unit   1.
 TITLE>  * PSF
 TITLE>  *  DATE:     7/22/20      9: 7:48      CREATED BY USER: cheny
 TITLE>  *
 PSFSUM> PSF modified: NONBOND lists and IMAGE atoms cleared.
 PSFSUM> Summary of the structure file counters :
         Number of segments      =        2   Number of residues   =      337
         Number of atoms         =     4826   Number of groups     =     1492
         Number of bonds         =     4876   Number of angles     =     8771
         Number of dihedrals     =    12802   Number of impropers  =      895
         Number of cross-terms   =      333
         Number of HB acceptors  =      494   Number of HB donors  =      550
         Number of NB exclusions =        0   Total charge =    0.00000
  
 CHARMM>    CLOSe UNIT 1
 VCLOSE: Closing unit    1 with status "KEEP"
  
 CHARMM>     
  
 CHARMM>    OPEN UNIT 1 CARD READ NAME @path/@protname_charmm.crd
 Parameter: PATH -> "/HOME/CHENY/MUTABIND2/MEXAMPLEOUT"
 Parameter: PROTNAME -> "MUTABINDM"
 VOPEN> Attempting to open::/home/cheny/mutabind2/mexampleout/mutabindm_charmm.crd::
 OPNLGU> Unit  1 opened for READONLY access to /home/cheny/mutabind2/mexampleout/mutabindm_charmm.crd
  
 CHARMM>    READ COOR CARD UNIT 1
          SPATIAL COORDINATES BEING READ FROM UNIT  1
 TITLE> * COORDS
 TITLE> *  DATE:     7/22/20      9: 7:48      CREATED BY USER: CHENY
 TITLE> *
  
 CHARMM>    CLOSE UNIT 1
 VCLOSE: Closing unit    1 with status "KEEP"
  
 CHARMM>     
  
 CHARMM>    ! produce namd psf and pdb files
 CHARMM>     
  
 CHARMM>    open write unit 1 card name @path/@protname_namd.psf
 Parameter: PATH -> "/HOME/CHENY/MUTABIND2/MEXAMPLEOUT"
 Parameter: PROTNAME -> "MUTABINDM"
 VOPEN> Attempting to open::/home/cheny/mutabind2/mexampleout/mutabindm_namd.psf::
 OPNLGU> Unit  1 opened for WRITE access to /home/cheny/mutabind2/mexampleout/mutabindm_namd.psf
  
 CHARMM>    write psf card xplor unit 1
 RDTITL> CLOSE UNIT 1
 RDTITL> No title read.
  
 CHARMM>    close unit 1
 VCLOSE: Closing unit    1 with status "KEEP"
  
 CHARMM>     
  
 CHARMM>    open write unit 1 card name @path/@protname_namd.pdb
 Parameter: PATH -> "/HOME/CHENY/MUTABIND2/MEXAMPLEOUT"
 Parameter: PROTNAME -> "MUTABINDM"
 VOPEN> Attempting to open::/home/cheny/mutabind2/mexampleout/mutabindm_namd.pdb::
 OPNLGU> Unit  1 opened for WRITE access to /home/cheny/mutabind2/mexampleout/mutabindm_namd.pdb
  
 CHARMM>    write coor pdb unit 1
 RDTITL> CLOSE UNIT 1
 RDTITL> No title read.
  Write CHARMM-pdb format
  
 CHARMM>    close unit 1
 VCLOSE: Closing unit    1 with status "KEEP"
  
 CHARMM>     
  
 CHARMM>     
  
$$$$$$  New timer profile $$$$$
 Total time                      0.20 Other:            0.00

                    NORMAL TERMINATION BY END OF FILE
                    NO WARNINGS WERE ISSUED

                    $$$$$ JOB ACCOUNTING INFORMATION $$$$$
                     ELAPSED TIME:     0.20  SECONDS 
                         CPU TIME:     0.20  SECONDS 
