 Parameter: PATH <- "/HOME/CHENY/MUTABIND2/SEXAMPLEOUT"
 Parameter: PROTNAME <- "MUTABINDS"
1
                 Chemistry at HARvard Macromolecular Mechanics
                (CHARMM) - Free Version 41b2   February 15, 2017                
                                Revision unknown                                
       Copyright(c) 1984-2014  President and Fellows of Harvard College
                              All Rights Reserved
     Current operating system: Linux-3.10.0-693.11.6.el7.x86_64(x86_64)@loc     
                 Created on  7/21/20 at 14:02:10 by user: cheny       

            Maximum number of ATOMS:    360720, and RESidues:      120240
 RDTITL> * THIS EXAMPLE CALCULATES THE THE BINDING ENERGY.
 RDTITL> *
  
 CHARMM>    bomlev -2
  
 CHARMM>     
  
 CHARMM>    set pathpara /home/cheny/mutabind2/sinputfiles
 Parameter: PATHPARA <- "/HOME/CHENY/MUTABIND2/SINPUTFILES"
  
 CHARMM>     
  
 CHARMM>    ! Read in Topology and  Parameter files
 CHARMM>    read rtf card name @pathpara/top_all36_prot.rtf
 Parameter: PATHPARA -> "/HOME/CHENY/MUTABIND2/SINPUTFILES"
 VOPEN> Attempting to open::/home/cheny/mutabind2/sinputfiles/top_all36_prot.rtf::
 MAINIO> Residue topology file being read from unit  90.
 TITLE> *>>>>>>>>CHARMM36 ALL-HYDROGEN TOPOLOGY FILE FOR PROTEINS <<<<<<
 TITLE> *>>>>> INCLUDES PHI, PSI CROSS TERM MAP (CMAP) CORRECTION <<<<<<<
 TITLE> *>>>>>>>>>>>>>>>>>>>>>>>>>> MAY 2011 <<<<<<<<<<<<<<<<<<<<<<<<<<<<
 TITLE> * ALL COMMENTS TO THE CHARMM WEB SITE: WWW.CHARMM.ORG
 TITLE> *             PARAMETER SET DISCUSSION FORUM
 TITLE> *
 VCLOSE: Closing unit   90 with status "KEEP"
  
 CHARMM>    read param card name @pathpara/par_all36_prot.prm
 Parameter: PATHPARA -> "/HOME/CHENY/MUTABIND2/SINPUTFILES"
 VOPEN> Attempting to open::/home/cheny/mutabind2/sinputfiles/par_all36_prot.prm::

          PARAMETER FILE BEING READ FROM UNIT 90
 TITLE> *>>>> CHARMM36 ALL-HYDROGEN PARAMETER FILE FOR PROTEINS <<<<<<<<<<
 TITLE> *>>>>> INCLUDES PHI, PSI CROSS TERM MAP (CMAP) CORRECTION <<<<<<<<
 TITLE> *>>>>>>>>>>>>>>>>>>>>>>>>>> FEB. 2012 <<<<<<<<<<<<<<<<<<<<<<<<<<<<
 TITLE> * ALL COMMENTS TO THE CHARMM WEB SITE: WWW.CHARMM.ORG
 TITLE> *             PARAMETER SET DISCUSSION FORUM
 TITLE> *
 PARRDR> WARNING: ATOM FOR NBOND ON2B DOESNT EXIST
 PARMIO> NONBOND, HBOND lists and IMAGE atoms cleared.
 VCLOSE: Closing unit   90 with status "KEEP"
  
 CHARMM>     
  
 CHARMM>    read psf card name @path/@protname_charmm.psf
 Parameter: PATH -> "/HOME/CHENY/MUTABIND2/SEXAMPLEOUT"
 Parameter: PROTNAME -> "MUTABINDS"
 VOPEN> Attempting to open::/home/cheny/mutabind2/sexampleout/mutabinds_charmm.psf::
 MAINIO> Protein structure file being read from unit  90.
 TITLE>  * PSF
 TITLE>  *  DATE:     7/21/20     14: 1:51      CREATED BY USER: cheny
 TITLE>  *
 PSFSUM> PSF modified: NONBOND lists and IMAGE atoms cleared.
 PSFSUM> Summary of the structure file counters :
         Number of segments      =        2   Number of residues   =      337
         Number of atoms         =     4826   Number of groups     =     1492
         Number of bonds         =     4876   Number of angles     =     8771
         Number of dihedrals     =    12802   Number of impropers  =      895
         Number of cross-terms   =      333
         Number of HB acceptors  =      494   Number of HB donors  =      550
         Number of NB exclusions =        0   Total charge =    0.00000
 VCLOSE: Closing unit   90 with status "KEEP"
  
 CHARMM>    read coor card name @path/@protname_min.crd
 Parameter: PATH -> "/HOME/CHENY/MUTABIND2/SEXAMPLEOUT"
 Parameter: PROTNAME -> "MUTABINDS"
 VOPEN> Attempting to open::/home/cheny/mutabind2/sexampleout/mutabinds_min.crd::
          SPATIAL COORDINATES BEING READ FROM UNIT 90
 TITLE> * THIS EXAMPLE PRODUCE THE FRAME.
 TITLE> *  DATE:     7/21/20     14: 2:10      CREATED BY USER: CHENY
 TITLE> *
 VCLOSE: Closing unit   90 with status "KEEP"
  
 CHARMM>     
  
 CHARMM>    ! for partner of mutchain(mp), another partner(op)
 CHARMM>    define a select segid ch2 end
 SELRPN>   1025 atoms have been selected out of   4826
  
 CHARMM>    define b select segid ch1 end
 SELRPN>   3801 atoms have been selected out of   4826
  
 CHARMM>     
  
 CHARMM>     
  
 CHARMM>    stream @pathpara/vdw_pb.str
 Parameter: PATHPARA -> "/HOME/CHENY/MUTABIND2/SINPUTFILES"
 VOPEN> Attempting to open::/home/cheny/mutabind2/sinputfiles/vdw_pb.str::
 OPNLGU> Unit 99 opened for READONLY access to /home/cheny/mutabind2/sinputfiles/vdw_pb.str

                    INPUT STREAM SWITCHING TO UNIT    99
 RDTITL>  
 RDTITL> No title read.
 Parameter: IN1 <- "" <empty>
  
 CHARMM>     
  
 CHARMM>    set gammaP   0.00542     ! for Gasa (non-polar dGsolv)
 Parameter: GAMMAP <- "0.00542"
  
 CHARMM>    set betaP    0.92        ! for Gasa
 Parameter: BETAP <- "0.92"
  
 CHARMM>    set rsol     1.4         ! solvent probe radius
 Parameter: RSOL <- "1.4"
  
 CHARMM>     
  
 CHARMM>    set EpsG    = 1.0
 Parameter: EPSG <- "1.0"
  
 CHARMM>     
  
 CHARMM>    update cutnb 999 switch vswitch eps @EpsG
 Parameter: EPSG -> "1.0"

 NONBOND OPTION FLAGS: 
     ELEC     VDW      ATOMs    CDIElec  SWITch   VATOm    VSWItch 
     BYGRoup  NOEXtnd  NOEWald 
 CUTNB  =999.000 CTEXNB =999.000 CTONNB =995.000 CTOFNB =997.000
 CGONNB =  0.000 CGOFNB = 10.000
 WMIN   =  1.500 WRNMXD =  0.500 E14FAC =  1.000 EPS    =  1.000
 NBXMOD =      5
 There are        0 atom  pairs and        0 atom  exclusions.
 There are        0 group pairs and        0 group exclusions.
 <MAKINB> with mode   5 found  13647 exclusions and  12598 interactions(1-4)
 <MAKGRP> found   4342 group exclusions.
 Generating nonbond list with Exclusion mode = 5
 == PRIMARY == SPACE FOR 11640313 ATOM PAIRS AND        0 GROUP PAIRS

 General atom nonbond list generation found:
 11629078 ATOM PAIRS WERE FOUND FOR ATOM LIST
        0 GROUP PAIRS REQUIRED ATOM SEARCHES

  
 CHARMM>     
  
 CHARMM>    ! calculate the vdw energy between A and B
 CHARMM>     
  
 CHARMM>    interaction sele A end sele B end
 SELRPN>   1025 atoms have been selected out of   4826
 SELRPN>   3801 atoms have been selected out of   4826
 INTER:  Normal Atom Nonbondselected     3896025 from a total of    11629078
INTE ENR:  Eval#     ENERgy      Delta-E         GRMS
INTE EXTERN:        VDWaals         ELEC       HBONds          ASP         USER
 ----------       ---------    ---------    ---------    ---------    ---------
INTE>        1   -263.14570      0.00000      0.75207
INTE EXTERN>      -91.99778   -171.14792      0.00000      0.00000      0.00000
 ----------       ---------    ---------    ---------    ---------    ---------
  
 CHARMM>    set vdwENER   = ?vdw
 RDCMND substituted energy or value "?VDW" to "-91.9977798"
 Parameter: VDWENER <- "-91.9977798"
  
 CHARMM>    set elecENER  = ?elec
 RDCMND substituted energy or value "?ELEC" to "-171.147919"
 Parameter: ELECENER <- "-171.147919"
  
 CHARMM>     
  
 CHARMM>    ! Inititalzation of parameters used in the PBEQ module for PB calculations.
 CHARMM>     
  
 CHARMM>    set Ionr    = 2.0        ! ion exclusion radius (Stern layer)
 Parameter: IONR <- "2.0"
  
 CHARMM>    set temp    = 300        ! you can set up temp in PBEQ calculation
 Parameter: TEMP <- "300"
  
 CHARMM>    set maxi    = 10000      ! number of iterations
 Parameter: MAXI <- "10000"
  
 CHARMM>    set EpsP    = 2.0        ! dielectric constant for the protein interior
 Parameter: EPSP <- "2.0"
  
 CHARMM>    set EpsG    = 1.0        ! Vacuum dielectric constant
 Parameter: EPSG <- "1.0"
  
 CHARMM>    set EpsW    = 80.0       ! solvent dielectric constant
 Parameter: EPSW <- "80.0"
  
 CHARMM>    set Conc    = 0.0        ! salt concentration
 Parameter: CONC <- "0.0"
  
 CHARMM>    set Dcel_c  = 0.4        ! the grid spacing in the finite-difference (centered on Xcen,Ycen,Zcen)
 Parameter: DCEL_C <- "0.4"
  
 CHARMM>    set Dcel_f  = 0.4        ! the grid spacing in the finite-difference (centered on Xcen,Ycen,Zcen)
 Parameter: DCEL_F <- "0.4"
  
 CHARMM>    set LEdge   = 10.0       ! distance between a protein atom and a grid
 Parameter: LEDGE <- "10.0"
  
 CHARMM>                             ! LEdge*2 for coarse-gird calculations and LEdge/2 for fine-grid calculations (see below)
  
 CHARMM>    set Options =  watr 1.4 reentrant ! Let's use the molecular surface
 Parameter: OPTIONS <- "WATR 1.4 REENTRANT"
  
 CHARMM>     
  
 CHARMM>    coor stat
 STATISTICS FOR      4826 SELECTED ATOMS:
    XMIN =   16.883190 XMAX =   61.047810 XAVE =   36.598270
    YMIN =  -48.702870 YMAX =    1.220680 YAVE =  -23.991042
    ZMIN =  -25.059230 ZMAX =   31.983860 ZAVE =    5.540757
    WMIN =    0.000000 WMAX =    0.000000 WAVE =    0.000000
  
 CHARMM>    coor orient norotate

 ORIENT THE COORDINATES TO ALIGN WITH AXIS

 CENTER OF ATOMS BEFORE TRANSLATION    36.59827   -23.99104     5.54076
 SELECTED COORDINATES TRANSLATED IN THE MAIN SET.

  
 CHARMM>    coor stat
 STATISTICS FOR      4826 SELECTED ATOMS:
    XMIN =  -19.715080 XMAX =   24.449540 XAVE =   -0.000000
    YMIN =  -24.711828 YMAX =   25.211722 YAVE =    0.000000
    ZMIN =  -30.599987 ZMAX =   26.443103 ZAVE =    0.000000
    WMIN =    0.000000 WMAX =    0.000000 WAVE =    0.000000
  
 CHARMM>    set Xcen = ?xave
 RDCMND substituted energy or value "?XAVE" to "-3.711871718E-14"
 Parameter: XCEN <- "-3.711871718E-14"
  
 CHARMM>    set Ycen = ?yave
 RDCMND substituted energy or value "?YAVE" to "5.189199901E-14"
 Parameter: YCEN <- "5.189199901E-14"
  
 CHARMM>    set Zcen = ?zave
 RDCMND substituted energy or value "?ZAVE" to "2.955282103E-14"
 Parameter: ZCEN <- "2.955282103E-14"
  
 CHARMM>     
  
 CHARMM>    calc Nclx_c = int ( ( @LEdge * 4.0 + ?Xmax - ?Xmin ) / @{Dcel_c} )
 Parameter: LEDGE -> "10.0"
 Parameter: DCEL_C -> "0.4"
 RDCMND substituted energy or value "?XMAX" to "24.4495396"
 RDCMND substituted energy or value "?XMIN" to "-19.7150804"
Evaluating: INT((10.0*4.0+24.4495396--19.7150804)/0.4)
 Parameter: NCLX_C <- "210"
  
 CHARMM>    calc Ncly_c = int ( ( @LEdge * 4.0 + ?Ymax - ?Ymin ) / @{Dcel_c} )
 Parameter: LEDGE -> "10.0"
 Parameter: DCEL_C -> "0.4"
 RDCMND substituted energy or value "?YMAX" to "25.2117223"
 RDCMND substituted energy or value "?YMIN" to "-24.7118277"
Evaluating: INT((10.0*4.0+25.2117223--24.7118277)/0.4)
 Parameter: NCLY_C <- "224"
  
 CHARMM>    calc Nclz_c = int ( ( @LEdge * 4.0 + ?Zmax - ?Zmin ) / @{Dcel_c} )
 Parameter: LEDGE -> "10.0"
 Parameter: DCEL_C -> "0.4"
 RDCMND substituted energy or value "?ZMAX" to "26.4431027"
 RDCMND substituted energy or value "?ZMIN" to "-30.5999873"
Evaluating: INT((10.0*4.0+26.4431027--30.5999873)/0.4)
 Parameter: NCLZ_C <- "242"
  
 CHARMM>     
  
 CHARMM>     
  
 CHARMM>    !*********************************************************************
 CHARMM>    !enter the PBEQ module
 CHARMM>     
  
 CHARMM>    PBEQ

   Calculations with the Poisson-Boltzmann Equation 

  
   PBEQ>     
  
   PBEQ>    ! read in the radii used in the PB calculations
   PBEQ>    prnlev 0
  
   PBEQ>    scalar wmain statistics select .not. type H* end
 SELRPN>   2442 atoms have been selected out of   4826
 Statistics for 2442 selected atoms:
       minimum =    1.40000      maximum =    2.86000     weight =    2442.00    
       average =    2.19561      variance=   0.437661     total  =    5361.67    
  
   PBEQ>    define check select (.not type H* ) .and. ( property wmain .eq. 0.0 ) show end
 The following atoms are currently set:
SEGId RESId RESName  .. TYPEs ..
 SELRPN>      0 atoms have been selected out of   4826
  
   PBEQ>    if ?nsel ne 0  stop  !some heavy atom have a zero radius
 RDCMND substituted energy or value "?NSEL" to "0"
 Comparing "0" and "0".
 IF test evaluated as false.  Skipping command
  
   PBEQ>     
  
   PBEQ>    ! Solv the PB equation for the complex
   PBEQ>     
  
   PBEQ>    SOLVE Nclx @{nclx_c} Ncly @{ncly_c} Nclz @{nclz_c} Dcel @{Dcel_c} EpsP @EpsP EpsW @EpsW CONC @CONC Ionr @Ionr INTBP @Options -
   PBEQ>          XBcen @Xcen YBcen @Ycen ZBcen @Zcen Select A .or. B end
 Parameter: NCLX_C -> "210"
 Parameter: NCLY_C -> "224"
 Parameter: NCLZ_C -> "242"
 Parameter: DCEL_C -> "0.4"
 Parameter: EPSP -> "2.0"
 Parameter: EPSW -> "80.0"
 Parameter: CONC -> "0.0"
 Parameter: IONR -> "2.0"
 Parameter: OPTIONS -> "WATR 1.4 REENTRANT"
 Parameter: XCEN -> "-3.711871718E-14"
 Parameter: YCEN -> "5.189199901E-14"
 Parameter: ZCEN -> "2.955282103E-14"
 SELRPN>   4826 atoms have been selected out of   4826

   Calculation with   4826 atoms

   LINEARIZED PBEQ SOLVER: Successive OverRelaxation (SOR) method

   ITERATION PARAMETERs
   Maximum # iterations          (MAXITS) =    2000
   Tolerance of convergence        (DEPS) =.200E-05
   Mixing factor            (LAMBDA,DOME) =   1.000

   CHARGE DISTRIBUTION METHOD: the trilinear interpolation

   BOUNDARY POTENTIAL CALCULATION METHOD
   The Debye-Huckel approximation for half number of boundary points along 1d-axis and
   potential of the rest will be interpolated from nearest grid points

   PHYSICAL PARAMETERs
   Solvent probe radius          (WATR)   =    1.400 [Angs]
   Calculation with reentrant (1.4 angs probe recommended)
   Ion exclusion radius (Stern layer)     =    2.000 [Angs]
   Solvent dielectric constant   (EPSW)   =   80.000
   Protein dielectric constant   (EPSP)   =    2.000
   Salt concentration            (CONC)   =    0.000 [moles]/[liter]
   Temperature                   (TEMP)   =  300.000 [K]
   Debye-Huckel factor           (KAPPA2) =    0.000 [1/Angs**2]

   NUMBER OF GRID POINTS:   211   225   243
   Box in X from  -42.000 to   42.000
   Box in Y from  -44.800 to   44.800
   Box in Z from  -48.400 to   48.400

   Constructing all space-dependent functions

   Begin iterative solution
   Number of iterations:   891
   The atomic contributions have been stored in WMAIN
   Electrostatic energy [KCAL/MOL] =  117169.13178
  
   PBEQ>     
  
   PBEQ>    SET Gab = ?enpb        !Gelec for the complex
 RDCMND substituted energy or value "?ENPB" to "117169.132"
 Parameter: GAB <- "117169.132"
  
   PBEQ>     
  
   PBEQ>    ! Solv the PB equation for A
   PBEQ>     
  
   PBEQ>    SOLVE Nclx @{nclx_c} Ncly @{ncly_c} Nclz @{nclz_c} Dcel @{Dcel_c} EpsP @EpsP EpsW @EpsW CONC @CONC Ionr @Ionr INTBP @Options -
   PBEQ>          XBcen @Xcen YBcen @Ycen ZBcen @Zcen Select A end
 Parameter: NCLX_C -> "210"
 Parameter: NCLY_C -> "224"
 Parameter: NCLZ_C -> "242"
 Parameter: DCEL_C -> "0.4"
 Parameter: EPSP -> "2.0"
 Parameter: EPSW -> "80.0"
 Parameter: CONC -> "0.0"
 Parameter: IONR -> "2.0"
 Parameter: OPTIONS -> "WATR 1.4 REENTRANT"
 Parameter: XCEN -> "-3.711871718E-14"
 Parameter: YCEN -> "5.189199901E-14"
 Parameter: ZCEN -> "2.955282103E-14"
 SELRPN>   1025 atoms have been selected out of   4826

   Calculation with   1025 atoms

   LINEARIZED PBEQ SOLVER: Successive OverRelaxation (SOR) method

   ITERATION PARAMETERs
   Maximum # iterations          (MAXITS) =    2000
   Tolerance of convergence        (DEPS) =.200E-05
   Mixing factor            (LAMBDA,DOME) =   1.000

   CHARGE DISTRIBUTION METHOD: the trilinear interpolation

   BOUNDARY POTENTIAL CALCULATION METHOD
   The Debye-Huckel approximation for half number of boundary points along 1d-axis and
   potential of the rest will be interpolated from nearest grid points

   PHYSICAL PARAMETERs
   Solvent probe radius          (WATR)   =    1.400 [Angs]
   Calculation with reentrant (1.4 angs probe recommended)
   Ion exclusion radius (Stern layer)     =    2.000 [Angs]
   Solvent dielectric constant   (EPSW)   =   80.000
   Protein dielectric constant   (EPSP)   =    2.000
   Salt concentration            (CONC)   =    0.000 [moles]/[liter]
   Temperature                   (TEMP)   =  300.000 [K]
   Debye-Huckel factor           (KAPPA2) =    0.000 [1/Angs**2]

   NUMBER OF GRID POINTS:   211   225   243
   Box in X from  -42.000 to   42.000
   Box in Y from  -44.800 to   44.800
   Box in Z from  -48.400 to   48.400

   Constructing all space-dependent functions

   Begin iterative solution
   Number of iterations:   843
   The atomic contributions have been stored in WMAIN
   Electrostatic energy [KCAL/MOL] =   24727.45126
  
   PBEQ>     
  
   PBEQ>    SET Ga = ?enpb        !Gelec for A
 RDCMND substituted energy or value "?ENPB" to "24727.4513"
 Parameter: GA <- "24727.4513"
  
   PBEQ>     
  
   PBEQ>    ! Solv the PB equation for B
   PBEQ>     
  
   PBEQ>    SOLVE Nclx @{nclx_c} Ncly @{ncly_c} Nclz @{nclz_c} Dcel @{Dcel_c} EpsP @EpsP EpsW @EpsW CONC @CONC Ionr @Ionr INTBP @Options -
   PBEQ>          XBcen @Xcen YBcen @Ycen ZBcen @Zcen Select B end
 Parameter: NCLX_C -> "210"
 Parameter: NCLY_C -> "224"
 Parameter: NCLZ_C -> "242"
 Parameter: DCEL_C -> "0.4"
 Parameter: EPSP -> "2.0"
 Parameter: EPSW -> "80.0"
 Parameter: CONC -> "0.0"
 Parameter: IONR -> "2.0"
 Parameter: OPTIONS -> "WATR 1.4 REENTRANT"
 Parameter: XCEN -> "-3.711871718E-14"
 Parameter: YCEN -> "5.189199901E-14"
 Parameter: ZCEN -> "2.955282103E-14"
 SELRPN>   3801 atoms have been selected out of   4826

   Calculation with   3801 atoms

   LINEARIZED PBEQ SOLVER: Successive OverRelaxation (SOR) method

   ITERATION PARAMETERs
   Maximum # iterations          (MAXITS) =    2000
   Tolerance of convergence        (DEPS) =.200E-05
   Mixing factor            (LAMBDA,DOME) =   1.000

   CHARGE DISTRIBUTION METHOD: the trilinear interpolation

   BOUNDARY POTENTIAL CALCULATION METHOD
   The Debye-Huckel approximation for half number of boundary points along 1d-axis and
   potential of the rest will be interpolated from nearest grid points

   PHYSICAL PARAMETERs
   Solvent probe radius          (WATR)   =    1.400 [Angs]
   Calculation with reentrant (1.4 angs probe recommended)
   Ion exclusion radius (Stern layer)     =    2.000 [Angs]
   Solvent dielectric constant   (EPSW)   =   80.000
   Protein dielectric constant   (EPSP)   =    2.000
   Salt concentration            (CONC)   =    0.000 [moles]/[liter]
   Temperature                   (TEMP)   =  300.000 [K]
   Debye-Huckel factor           (KAPPA2) =    0.000 [1/Angs**2]

   NUMBER OF GRID POINTS:   211   225   243
   Box in X from  -42.000 to   42.000
   Box in Y from  -44.800 to   44.800
   Box in Z from  -48.400 to   48.400

   Constructing all space-dependent functions

   Begin iterative solution
   Number of iterations:   884
   The atomic contributions have been stored in WMAIN
   Electrostatic energy [KCAL/MOL] =   92438.68911
  
   PBEQ>     
  
   PBEQ>    SET Gb = ?enpb        !Gelec for B
 RDCMND substituted energy or value "?ENPB" to "92438.6891"
 Parameter: GB <- "92438.6891"
  
   PBEQ>     
  
   PBEQ>     
  
   PBEQ>    ! this difference gives the electrostatic contribution to the
   PBEQ>    ! binding free energy (deltaGelec)
   PBEQ>     
  
   PBEQ>    calc DeltaGelec =  @Gab - @Ga - @Gb
 Parameter: GAB -> "117169.132"
 Parameter: GA -> "24727.4513"
 Parameter: GB -> "92438.6891"
Evaluating: 117169.132-24727.4513-92438.6891
 Parameter: DELTAGELEC <- "2.9916"
  
   PBEQ>     
  
   PBEQ>    END
  
 CHARMM>     
  
 CHARMM>    ! molecular surface (MS) of the complex
 CHARMM>    coor surface rprobe @rsol select A .or. B end
 Parameter: RSOL -> "1.4"
 SELRPN>   4826 atoms have been selected out of   4826
 SURFAC: Lennard-Jones radii values being used
 SURFAC: RPRObe=   1.40000
 SURFAC: Analytic surface area method used
  
 CHARMM>    set MSac = ?area
 RDCMND substituted energy or value "?AREA" to "12299.6252"
 Parameter: MSAC <- "12299.6252"
  
 CHARMM>     
  
 CHARMM>    ! molecular surface (MS) of A
 CHARMM>    coor surface rprobe @rsol select A end
 Parameter: RSOL -> "1.4"
 SELRPN>   1025 atoms have been selected out of   4826
 SURFAC: Lennard-Jones radii values being used
 SURFAC: RPRObe=   1.40000
 SURFAC: Analytic surface area method used
  
 CHARMM>    set MSa  = ?area
 RDCMND substituted energy or value "?AREA" to "4235.22479"
 Parameter: MSA <- "4235.22479"
  
 CHARMM>     
  
 CHARMM>    ! molecular surface (MS) of B
 CHARMM>    coor surface rprobe @rsol select B end
 Parameter: RSOL -> "1.4"
 SELRPN>   3801 atoms have been selected out of   4826
 SURFAC: Lennard-Jones radii values being used
 SURFAC: RPRObe=   1.40000
 SURFAC: Analytic surface area method used
  
 CHARMM>    set MSc  = ?area
 RDCMND substituted energy or value "?AREA" to "9694.97665"
 Parameter: MSC <- "9694.97665"
  
 CHARMM>     
  
 CHARMM>    ! The difference in MS between the complex and the free proteins, is the
 CHARMM>    ! surface buried upon complex formation, and is stored of deltaMS.
 CHARMM>     
  
 CHARMM>    calc DeltaMS =  @MSac - @MSa - @MSc
 Parameter: MSAC -> "12299.6252"
 Parameter: MSA -> "4235.22479"
 Parameter: MSC -> "9694.97665"
Evaluating: 12299.6252-4235.22479-9694.97665
 Parameter: DELTAMS <- "-1630.57624"
  
 CHARMM>    calc Gasa = @gammaP * @DeltaMS + @betaP
 Parameter: GAMMAP -> "0.00542"
 Parameter: DELTAMS -> "-1630.57624"
 Parameter: BETAP -> "0.92"
Evaluating: 0.00542*-1630.57624+0.92
 Parameter: GASA <- "-7.91772322"
  
 CHARMM>     
  
 CHARMM>    calc DeltaG_mmpbsa = @DeltaGelec + @Gasa +  @vdwENER
 Parameter: DELTAGELEC -> "2.9916"
 Parameter: GASA -> "-7.91772322"
 Parameter: VDWENER -> "-91.9977798"
Evaluating: 2.9916+-7.91772322+-91.9977798
 Parameter: DELTAG_MMPBSA <- "-96.923903"
  
 CHARMM>    stop
 VCLOSE: Closing unit   99 with status "KEEP"
$$$$$$  New timer profile $$$$$
         Electrostatic & VDW             0.14 Other:            0.00
      Nonbond force                   0.14 Other:            0.00
   Energy time                     0.14 Other:            0.00
 Total time                    121.16 Other:          121.02

                    NORMAL TERMINATION BY NORMAL STOP
                    NO WARNINGS WERE ISSUED

                    $$$$$ JOB ACCOUNTING INFORMATION $$$$$
                     ELAPSED TIME:     2.02  MINUTES 
                         CPU TIME:     2.02  MINUTES 
