 Parameter: PATH <- "/HOME/CHENY/MUTABIND2/SEXAMPLEOUT"
 Parameter: PROTNAME <- "MUTABINDS"
 Parameter: STARTFRAME <- "100"
 Parameter: PATHINPUT <- "/HOME/CHENY/MUTABIND2/SINPUTFILES"
1
                 Chemistry at HARvard Macromolecular Mechanics
                (CHARMM) - Free Version 41b2   February 15, 2017                
                                Revision unknown                                
       Copyright(c) 1984-2014  President and Fellows of Harvard College
                              All Rights Reserved
     Current operating system: Linux-3.10.0-693.11.6.el7.x86_64(x86_64)@loc     
                 Created on  7/21/20 at 14:02:10 by user: cheny       

            Maximum number of ATOMS:    360720, and RESidues:      120240
 RDTITL> * THIS EXAMPLE PRODUCE THE FRAME.
 RDTITL> *
  
 CHARMM>     
  
 CHARMM>    bomlev -2
  
 CHARMM>     
  
 CHARMM>    set pathpara @pathinput
 Parameter: PATHINPUT -> "/HOME/CHENY/MUTABIND2/SINPUTFILES"
 Parameter: PATHPARA <- "/HOME/CHENY/MUTABIND2/SINPUTFILES"
  
 CHARMM>     
  
 CHARMM>    ! Read in Topology and  Parameter files
 CHARMM>    read rtf card name @pathpara/top_all36_prot.rtf
 Parameter: PATHPARA -> "/HOME/CHENY/MUTABIND2/SINPUTFILES"
 VOPEN> Attempting to open::/home/cheny/mutabind2/sinputfiles/top_all36_prot.rtf::
 MAINIO> Residue topology file being read from unit  90.
 TITLE> *>>>>>>>>CHARMM36 ALL-HYDROGEN TOPOLOGY FILE FOR PROTEINS <<<<<<
 TITLE> *>>>>> INCLUDES PHI, PSI CROSS TERM MAP (CMAP) CORRECTION <<<<<<<
 TITLE> *>>>>>>>>>>>>>>>>>>>>>>>>>> MAY 2011 <<<<<<<<<<<<<<<<<<<<<<<<<<<<
 TITLE> * ALL COMMENTS TO THE CHARMM WEB SITE: WWW.CHARMM.ORG
 TITLE> *             PARAMETER SET DISCUSSION FORUM
 TITLE> *
 VCLOSE: Closing unit   90 with status "KEEP"
  
 CHARMM>    read param card name @pathpara/par_all36_prot.prm
 Parameter: PATHPARA -> "/HOME/CHENY/MUTABIND2/SINPUTFILES"
 VOPEN> Attempting to open::/home/cheny/mutabind2/sinputfiles/par_all36_prot.prm::

          PARAMETER FILE BEING READ FROM UNIT 90
 TITLE> *>>>> CHARMM36 ALL-HYDROGEN PARAMETER FILE FOR PROTEINS <<<<<<<<<<
 TITLE> *>>>>> INCLUDES PHI, PSI CROSS TERM MAP (CMAP) CORRECTION <<<<<<<<
 TITLE> *>>>>>>>>>>>>>>>>>>>>>>>>>> FEB. 2012 <<<<<<<<<<<<<<<<<<<<<<<<<<<<
 TITLE> * ALL COMMENTS TO THE CHARMM WEB SITE: WWW.CHARMM.ORG
 TITLE> *             PARAMETER SET DISCUSSION FORUM
 TITLE> *
 PARRDR> WARNING: ATOM FOR NBOND ON2B DOESNT EXIST
 PARMIO> NONBOND, HBOND lists and IMAGE atoms cleared.
 VCLOSE: Closing unit   90 with status "KEEP"
  
 CHARMM>     
  
 CHARMM>    ! Get psf and coordinates
 CHARMM>    read psf card name @path/@protname_charmm.psf
 Parameter: PATH -> "/HOME/CHENY/MUTABIND2/SEXAMPLEOUT"
 Parameter: PROTNAME -> "MUTABINDS"
 VOPEN> Attempting to open::/home/cheny/mutabind2/sexampleout/mutabinds_charmm.psf::
 MAINIO> Protein structure file being read from unit  90.
 TITLE>  * PSF
 TITLE>  *  DATE:     7/21/20     14: 1:51      CREATED BY USER: cheny
 TITLE>  *
 PSFSUM> PSF modified: NONBOND lists and IMAGE atoms cleared.
 PSFSUM> Summary of the structure file counters :
         Number of segments      =        2   Number of residues   =      337
         Number of atoms         =     4826   Number of groups     =     1492
         Number of bonds         =     4876   Number of angles     =     8771
         Number of dihedrals     =    12802   Number of impropers  =      895
         Number of cross-terms   =      333
         Number of HB acceptors  =      494   Number of HB donors  =      550
         Number of NB exclusions =        0   Total charge =    0.00000
 VCLOSE: Closing unit   90 with status "KEEP"
  
 CHARMM>    read coor card name @path/@protname_charmm.crd
 Parameter: PATH -> "/HOME/CHENY/MUTABIND2/SEXAMPLEOUT"
 Parameter: PROTNAME -> "MUTABINDS"
 VOPEN> Attempting to open::/home/cheny/mutabind2/sexampleout/mutabinds_charmm.crd::
          SPATIAL COORDINATES BEING READ FROM UNIT 90
 TITLE> * COORDS
 TITLE> *  DATE:     7/21/20     14: 1:51      CREATED BY USER: CHENY
 TITLE> *
 VCLOSE: Closing unit   90 with status "KEEP"
  
 CHARMM>     
  
 CHARMM>    !!!!!!!!!!!!!! analysis of trajectory !!!!!!!!!!!!!!!!!
 CHARMM>     
  
 CHARMM>    OPEN READ UNIT 35 FILE NAME @path/@protname_min.dcd
 Parameter: PATH -> "/HOME/CHENY/MUTABIND2/SEXAMPLEOUT"
 Parameter: PROTNAME -> "MUTABINDS"
 VOPEN> Attempting to open::/home/cheny/mutabind2/sexampleout/mutabinds_min.dcd::
 OPNLGU> Unit 35 opened for READONLY access to /home/cheny/mutabind2/sexampleout/mutabinds_min.dcd
  
 CHARMM>    TRAJECTORY FIRSTU 35 NUNIT 1 BEGIN @startframe
 Parameter: STARTFRAME -> "100"
 TRAJ: INITIATING READ OF A TRAJECTORY, OPTIONS;
    FIRSTU =  35 NUNIT =   1 SKIP =     1
  
 CHARMM>     
  
 CHARMM>    TRAJ READ

 READING TRAJECTORY FROM UNIT  35
   NUMBER OF COORDINATE SETS IN FILE:           1
   NUMBER OF PREVIOUS DYNAMICS STEPS:         100
   FREQUENCY FOR SAVING COORDINATES:          100
   NUMBER OF STEPS FOR CREATION RUN:          100

 TITLE>  REMARKS FILENAME=/home/cheny/mutabind2/sexampleout/mutabinds_min.dcd CREATED BY
 TITLE>  REMARKS DATE: 07/21/20 CREATED BY USER: cheny
 TITLE>  *
 *****  WARNING  ***** SKIP=     1 WAS NOT A MULTIPLE OF THE FILE INTERVAL=   100
 IT HAS BEEN RESET TO   100

    1 CORD RECORDS READ FROM   1 UNITS STARTING WITH UNIT  35
 RUNNING FROM STEP     100 TO      100 SKIPPING  100 STEPS BETWEEN RECORDS
 Time step was  2.0454830E-02 AKMA time units.
  
 CHARMM>    write coor card name @path/@protname_min.crd
 Parameter: PATH -> "/HOME/CHENY/MUTABIND2/SEXAMPLEOUT"
 Parameter: PROTNAME -> "MUTABINDS"
 VOPEN> Attempting to open::/home/cheny/mutabind2/sexampleout/mutabinds_min.crd::
 RDTITL> WRITE COOR PDB NAME /HOME/CHENY/MUTABIND2/SEXAMPLEOUT/MUTABINDS_MIN.PDB
 RDTITL> No title read.
 VCLOSE: Closing unit   90 with status "KEEP"
 VCLOSE: Closing unit   90 with status "KEEP"
  
 CHARMM>    write coor pdb name @path/@protname_min.pdb
 Parameter: PATH -> "/HOME/CHENY/MUTABIND2/SEXAMPLEOUT"
 Parameter: PROTNAME -> "MUTABINDS"
 VOPEN> Attempting to open::/home/cheny/mutabind2/sexampleout/mutabinds_min.pdb::
 RDTITL>  
 RDTITL> No title read.
  Write CHARMM-pdb format
 VCLOSE: Closing unit   90 with status "KEEP"
  
 CHARMM>     
  
 CHARMM>    stop
 VCLOSE: Closing unit   35 with status "KEEP"
$$$$$$  New timer profile $$$$$
 Total time                      0.15 Other:            0.00

                    NORMAL TERMINATION BY NORMAL STOP
                    NO WARNINGS WERE ISSUED

                    $$$$$ JOB ACCOUNTING INFORMATION $$$$$
                     ELAPSED TIME:     0.15  SECONDS 
                         CPU TIME:     0.15  SECONDS 
